<?xml version="1.0" encoding="UTF-8" standalone="no"?>
<!DOCTYPE log SYSTEM "logger.dtd">
<log>
<record>
  <date>2020-05-22T23:23:06</date>
  <millis>1590164586477</millis>
  <sequence>0</sequence>
  <level>START</level>
  <class>com.kms.katalon.core.logging.XmlKeywordLogger</class>
  <method>startSuite</method>
  <thread>1</thread>
  <message>Start Test Suite : Test Suites/login/internal-data</message>
  <nestedLevel>0</nestedLevel>
  <property name="name">internal-data</property>
  <property name="description"></property>
  <property name="id">Test Suites/login/internal-data</property>
</record>
<record>
  <date>2020-05-22T23:23:06</date>
  <millis>1590164586514</millis>
  <sequence>1</sequence>
  <level>RUN_DATA</level>
  <class>com.kms.katalon.core.logging.XmlKeywordLogger</class>
  <method>logMessage</method>
  <thread>1</thread>
  <message>hostName = XuanNghiem - DESKTOP-OT9E64N</message>
  <nestedLevel>0</nestedLevel>
  <property name="hostName">XuanNghiem - DESKTOP-OT9E64N</property>
</record>
<record>
  <date>2020-05-22T23:23:06</date>
  <millis>1590164586515</millis>
  <sequence>2</sequence>
  <level>RUN_DATA</level>
  <class>com.kms.katalon.core.logging.XmlKeywordLogger</class>
  <method>logMessage</method>
  <thread>1</thread>
  <message>os = Windows 10 64bit</message>
  <nestedLevel>0</nestedLevel>
  <property name="os">Windows 10 64bit</property>
</record>
<record>
  <date>2020-05-22T23:23:06</date>
  <millis>1590164586517</millis>
  <sequence>3</sequence>
  <level>RUN_DATA</level>
  <class>com.kms.katalon.core.logging.XmlKeywordLogger</class>
  <method>logMessage</method>
  <thread>1</thread>
  <message>hostAddress = 192.168.100.14</message>
  <nestedLevel>0</nestedLevel>
  <property name="hostAddress">192.168.100.14</property>
</record>
<record>
  <date>2020-05-22T23:23:06</date>
  <millis>1590164586571</millis>
  <sequence>4</sequence>
  <level>RUN_DATA</level>
  <class>com.kms.katalon.core.logging.XmlKeywordLogger</class>
  <method>logMessage</method>
  <thread>1</thread>
  <message>katalonVersion = 7.4.0.1</message>
  <nestedLevel>0</nestedLevel>
  <property name="katalonVersion">7.4.0.1</property>
</record>
<record>
  <date>2020-05-22T23:23:07</date>
  <millis>1590164587452</millis>
  <sequence>5</sequence>
  <level>START</level>
  <class>com.kms.katalon.core.logging.XmlKeywordLogger</class>
  <method>startTest</method>
  <thread>1</thread>
  <message>Start Test Case : Test Cases/login/test 1</message>
  <nestedLevel>1</nestedLevel>
  <property name="name">Test Cases/login/test 1</property>
  <property name="description"></property>
  <property name="id">Test Cases/login/test 1</property>
  <property name="source">C:\\Users\\XuanNghiem\\git\\mattermost-katalon-testing\\Test Cases\\login\\test 1.tc</property>
  <property name="tag"></property>
  <property name="isOptional">false</property>
</record>
<record>
  <date>2020-05-22T23:23:08</date>
  <millis>1590164588147</millis>
  <sequence>7</sequence>
  <level>INFO</level>
  <class>com.kms.katalon.core.logging.XmlKeywordLogger</class>
  <method>logMessage</method>
  <thread>1</thread>
  <message>(Default) username = xuanghjem</message>
  <nestedLevel>1</nestedLevel>
</record>
<record>
  <date>2020-05-22T23:23:08</date>
  <millis>1590164588246</millis>
  <sequence>8</sequence>
  <level>INFO</level>
  <class>com.kms.katalon.core.logging.XmlKeywordLogger</class>
  <method>logMessage</method>
  <thread>1</thread>
  <message>(Default) password = vR0tJW96iAE=</message>
  <nestedLevel>1</nestedLevel>
</record>
<record>
  <date>2020-05-22T23:23:09</date>
  <millis>1590164589364</millis>
  <sequence>9</sequence>
  <level>START</level>
  <class>com.kms.katalon.core.logging.XmlKeywordLogger</class>
  <method>startKeyword</method>
  <thread>1</thread>
  <message>Start action : openBrowser(\&amp;quot;\&amp;quot;)</message>
  <nestedLevel>1</nestedLevel>
  <property name="startLine">19</property>
  <property name="stepIndex">1</property>
</record>
<record>
  <date>2020-05-22T23:23:10</date>
  <millis>1590164590933</millis>
  <sequence>11</sequence>
  <level>INFO</level>
  <class>com.kms.katalon.core.logging.XmlKeywordLogger</class>
  <method>logMessage</method>
  <thread>1</thread>
  <message>Starting &amp;apos;Edge&amp;apos; driver</message>
  <nestedLevel>1</nestedLevel>
</record>
<record>
  <date>2020-05-22T23:23:11</date>
  <millis>1590164591960</millis>
  <sequence>13</sequence>
  <level>INFO</level>
  <class>com.kms.katalon.core.logging.XmlKeywordLogger</class>
  <method>logMessage</method>
  <thread>1</thread>
  <message>Action delay is set to 0 milliseconds</message>
  <nestedLevel>1</nestedLevel>
</record>
<record>
  <date>2020-05-22T23:23:16</date>
  <millis>1590164596243</millis>
  <sequence>15</sequence>
  <level>RUN_DATA</level>
  <class>com.kms.katalon.core.logging.XmlKeywordLogger</class>
  <method>logMessage</method>
  <thread>1</thread>
  <message>sessionId = E22FD1AE-99B2-4777-A038-DCC3BD81BB59</message>
  <nestedLevel>1</nestedLevel>
  <property name="sessionId">E22FD1AE-99B2-4777-A038-DCC3BD81BB59</property>
</record>
<record>
  <date>2020-05-22T23:23:16</date>
  <millis>1590164596285</millis>
  <sequence>16</sequence>
  <level>RUN_DATA</level>
  <class>com.kms.katalon.core.logging.XmlKeywordLogger</class>
  <method>logMessage</method>
  <thread>1</thread>
  <message>browser = Edge Chromiume 18</message>
  <nestedLevel>1</nestedLevel>
  <property name="browser">Edge Chromiume 18</property>
</record>
<record>
  <date>2020-05-22T23:23:16</date>
  <millis>1590164596286</millis>
  <sequence>17</sequence>
  <level>RUN_DATA</level>
  <class>com.kms.katalon.core.logging.XmlKeywordLogger</class>
  <method>logMessage</method>
  <thread>1</thread>
  <message>platform = Windows 10</message>
  <nestedLevel>1</nestedLevel>
  <property name="platform">Windows 10</property>
</record>
<record>
  <date>2020-05-22T23:23:16</date>
  <millis>1590164596288</millis>
  <sequence>18</sequence>
  <level>RUN_DATA</level>
  <class>com.kms.katalon.core.logging.XmlKeywordLogger</class>
  <method>logMessage</method>
  <thread>1</thread>
  <message>seleniumVersion = 3.141.59</message>
  <nestedLevel>1</nestedLevel>
  <property name="seleniumVersion">3.141.59</property>
</record>
<record>
  <date>2020-05-22T23:23:16</date>
  <millis>1590164596294</millis>
  <sequence>19</sequence>
  <level>RUN_DATA</level>
  <class>com.kms.katalon.core.logging.XmlKeywordLogger</class>
  <method>logMessage</method>
  <thread>1</thread>
  <message>proxyInformation = ProxyInformation{proxyOption=NO_PROXY, proxyServerType=HTTP, password=, proxyServerAddress=, proxyServerPort=0, executionList=}</message>
  <nestedLevel>1</nestedLevel>
  <property name="proxyInformation">ProxyInformation{proxyOption=NO_PROXY, proxyServerType=HTTP, password=, proxyServerAddress=, proxyServerPort=0, executionList=}</property>
</record>
<record>
  <date>2020-05-22T23:23:16</date>
  <millis>1590164596326</millis>
  <sequence>20</sequence>
  <level>PASSED</level>
  <class>com.kms.katalon.core.logging.XmlKeywordLogger</class>
  <method>logMessage</method>
  <thread>1</thread>
  <message>Browser is opened with url: &amp;apos;&amp;apos;</message>
  <nestedLevel>1</nestedLevel>
</record>
<record>
  <date>2020-05-22T23:23:16</date>
  <millis>1590164596328</millis>
  <sequence>21</sequence>
  <level>END</level>
  <class>com.kms.katalon.core.logging.XmlKeywordLogger</class>
  <method>endKeyword</method>
  <thread>1</thread>
  <message>End action : openBrowser(\&amp;quot;\&amp;quot;)</message>
  <nestedLevel>1</nestedLevel>
</record>
<record>
  <date>2020-05-22T23:23:16</date>
  <millis>1590164596328</millis>
  <sequence>22</sequence>
  <level>START</level>
  <class>com.kms.katalon.core.logging.XmlKeywordLogger</class>
  <method>startKeyword</method>
  <thread>1</thread>
  <message>Start action : navigateToUrl(\&amp;quot;https://mattermost-cdnc.herokuapp.com/login\&amp;quot;)</message>
  <nestedLevel>1</nestedLevel>
  <property name="startLine">21</property>
  <property name="stepIndex">2</property>
</record>
<record>
  <date>2020-05-22T23:23:18</date>
  <millis>1590164598721</millis>
  <sequence>25</sequence>
  <level>PASSED</level>
  <class>com.kms.katalon.core.logging.XmlKeywordLogger</class>
  <method>logMessage</method>
  <thread>1</thread>
  <message>Navigate to &amp;apos;https://mattermost-cdnc.herokuapp.com/login&amp;apos; successfully</message>
  <nestedLevel>1</nestedLevel>
</record>
<record>
  <date>2020-05-22T23:23:18</date>
  <millis>1590164598727</millis>
  <sequence>26</sequence>
  <level>END</level>
  <class>com.kms.katalon.core.logging.XmlKeywordLogger</class>
  <method>endKeyword</method>
  <thread>1</thread>
  <message>End action : navigateToUrl(\&amp;quot;https://mattermost-cdnc.herokuapp.com/login\&amp;quot;)</message>
  <nestedLevel>1</nestedLevel>
</record>
<record>
  <date>2020-05-22T23:23:18</date>
  <millis>1590164598729</millis>
  <sequence>27</sequence>
  <level>START</level>
  <class>com.kms.katalon.core.logging.XmlKeywordLogger</class>
  <method>startKeyword</method>
  <thread>1</thread>
  <message>Start action : setText(findTestObject(\&amp;quot;Object Repository/login/Page_Mattermost/input_All team communication in one place s_703ef5\&amp;quot;), username)</message>
  <nestedLevel>1</nestedLevel>
  <property name="startLine">23</property>
  <property name="stepIndex">3</property>
</record>
<record>
  <date>2020-05-22T23:23:21</date>
  <millis>1590164601763</millis>
  <sequence>44</sequence>
  <level>PASSED</level>
  <class>com.kms.katalon.core.logging.XmlKeywordLogger</class>
  <method>logMessage</method>
  <thread>1</thread>
  <message>Text &amp;apos;xuanghjem&amp;apos; is set on object &amp;apos;Object Repository/login/Page_Mattermost/input_All team communication in one place s_703ef5&amp;apos;</message>
  <nestedLevel>1</nestedLevel>
</record>
<record>
  <date>2020-05-22T23:23:21</date>
  <millis>1590164601765</millis>
  <sequence>45</sequence>
  <level>END</level>
  <class>com.kms.katalon.core.logging.XmlKeywordLogger</class>
  <method>endKeyword</method>
  <thread>1</thread>
  <message>End action : setText(findTestObject(\&amp;quot;Object Repository/login/Page_Mattermost/input_All team communication in one place s_703ef5\&amp;quot;), username)</message>
  <nestedLevel>1</nestedLevel>
</record>
<record>
  <date>2020-05-22T23:23:21</date>
  <millis>1590164601767</millis>
  <sequence>46</sequence>
  <level>START</level>
  <class>com.kms.katalon.core.logging.XmlKeywordLogger</class>
  <method>startKeyword</method>
  <thread>1</thread>
  <message>Start action : setEncryptedText(findTestObject(\&amp;quot;Object Repository/login/Page_Mattermost/input_All team communication in one place s_2f2733\&amp;quot;), password)</message>
  <nestedLevel>1</nestedLevel>
  <property name="startLine">26</property>
  <property name="stepIndex">4</property>
</record>
<record>
  <date>2020-05-22T23:23:22</date>
  <millis>1590164602982</millis>
  <sequence>57</sequence>
  <level>PASSED</level>
  <class>com.kms.katalon.core.logging.XmlKeywordLogger</class>
  <method>logMessage</method>
  <thread>1</thread>
  <message>Text ****** has been set on object &amp;apos;Object Repository/login/Page_Mattermost/input_All team communication in one place s_2f2733&amp;apos;</message>
  <nestedLevel>1</nestedLevel>
</record>
<record>
  <date>2020-05-22T23:23:22</date>
  <millis>1590164602984</millis>
  <sequence>58</sequence>
  <level>END</level>
  <class>com.kms.katalon.core.logging.XmlKeywordLogger</class>
  <method>endKeyword</method>
  <thread>1</thread>
  <message>End action : setEncryptedText(findTestObject(\&amp;quot;Object Repository/login/Page_Mattermost/input_All team communication in one place s_2f2733\&amp;quot;), password)</message>
  <nestedLevel>1</nestedLevel>
</record>
<record>
  <date>2020-05-22T23:23:22</date>
  <millis>1590164602986</millis>
  <sequence>59</sequence>
  <level>START</level>
  <class>com.kms.katalon.core.logging.XmlKeywordLogger</class>
  <method>startKeyword</method>
  <thread>1</thread>
  <message>Start action : click(findTestObject(\&amp;quot;Object Repository/login/Page_Mattermost/span_Sign in\&amp;quot;))</message>
  <nestedLevel>1</nestedLevel>
  <property name="startLine">29</property>
  <property name="stepIndex">5</property>
</record>
<record>
  <date>2020-05-22T23:23:23</date>
  <millis>1590164603648</millis>
  <sequence>68</sequence>
  <level>PASSED</level>
  <class>com.kms.katalon.core.logging.XmlKeywordLogger</class>
  <method>logMessage</method>
  <thread>1</thread>
  <message>Object: &amp;apos;Object Repository/login/Page_Mattermost/span_Sign in&amp;apos; is clicked on</message>
  <nestedLevel>1</nestedLevel>
</record>
<record>
  <date>2020-05-22T23:23:23</date>
  <millis>1590164603650</millis>
  <sequence>69</sequence>
  <level>END</level>
  <class>com.kms.katalon.core.logging.XmlKeywordLogger</class>
  <method>endKeyword</method>
  <thread>1</thread>
  <message>End action : click(findTestObject(\&amp;quot;Object Repository/login/Page_Mattermost/span_Sign in\&amp;quot;))</message>
  <nestedLevel>1</nestedLevel>
</record>
<record>
  <date>2020-05-22T23:23:23</date>
  <millis>1590164603650</millis>
  <sequence>70</sequence>
  <level>START</level>
  <class>com.kms.katalon.core.logging.XmlKeywordLogger</class>
  <method>startKeyword</method>
  <thread>1</thread>
  <message>Start action : closeBrowser()</message>
  <nestedLevel>1</nestedLevel>
  <property name="startLine">31</property>
  <property name="stepIndex">6</property>
</record>
<record>
  <date>2020-05-22T23:23:24</date>
  <millis>1590164604931</millis>
  <sequence>72</sequence>
  <level>PASSED</level>
  <class>com.kms.katalon.core.logging.XmlKeywordLogger</class>
  <method>logMessage</method>
  <thread>1</thread>
  <message>Browser is closed</message>
  <nestedLevel>1</nestedLevel>
</record>
<record>
  <date>2020-05-22T23:23:24</date>
  <millis>1590164604932</millis>
  <sequence>73</sequence>
  <level>END</level>
  <class>com.kms.katalon.core.logging.XmlKeywordLogger</class>
  <method>endKeyword</method>
  <thread>1</thread>
  <message>End action : closeBrowser()</message>
  <nestedLevel>1</nestedLevel>
</record>
<record>
  <date>2020-05-22T23:23:24</date>
  <millis>1590164604932</millis>
  <sequence>74</sequence>
  <level>PASSED</level>
  <class>com.kms.katalon.core.logging.XmlKeywordLogger</class>
  <method>logMessage</method>
  <thread>1</thread>
  <message>Test Cases/login/test 1</message>
  <nestedLevel>1</nestedLevel>
</record>
<record>
  <date>2020-05-22T23:23:24</date>
  <millis>1590164604934</millis>
  <sequence>75</sequence>
  <level>END</level>
  <class>com.kms.katalon.core.logging.XmlKeywordLogger</class>
  <method>endTest</method>
  <thread>1</thread>
  <message>End Test Case : Test Cases/login/test 1</message>
  <nestedLevel>0</nestedLevel>
</record>
<record>
  <date>2020-05-22T23:23:25</date>
  <millis>1590164605064</millis>
  <sequence>76</sequence>
  <level>END</level>
  <class>com.kms.katalon.core.logging.XmlKeywordLogger</class>
  <method>endSuite</method>
  <thread>1</thread>
  <message>End Test Suite : Test Suites/login/internal-data</message>
  <nestedLevel>0</nestedLevel>
</record>
</log>
<?xml version="1.0" encoding="UTF-8" standalone="no"?>
<!DOCTYPE log SYSTEM "logger.dtd">
<log>
<record>
  <date>2020-05-22T23:26:04</date>
  <millis>1590164764654</millis>
  <sequence>231</sequence>
  <level>INFO</level>
  <class>com.kms.katalon.core.logging.XmlKeywordLogger</class>
  <method>logMessage</method>
  <thread>1</thread>
  <message>Finding test data with id &amp;apos;Data Files/login/internal-data&amp;apos;</message>
  <nestedLevel>0</nestedLevel>
</record>
<record>
  <date>2020-05-22T23:26:04</date>
  <millis>1590164764708</millis>
  <sequence>232</sequence>
  <level>INFO</level>
  <class>com.kms.katalon.core.logging.XmlKeywordLogger</class>
  <method>logMessage</method>
  <thread>1</thread>
  <message>Test data is internal data, reading internal data</message>
  <nestedLevel>0</nestedLevel>
</record>
<record>
  <date>2020-05-22T23:26:08</date>
  <millis>1590164768595</millis>
  <sequence>233</sequence>
  <level>INFO</level>
  <class>com.kms.katalon.core.logging.XmlKeywordLogger</class>
  <method>logMessage</method>
  <thread>1</thread>
  <message>Finding test data with id &amp;apos;Data Files/login/internal-data&amp;apos;</message>
  <nestedLevel>0</nestedLevel>
</record>
<record>
  <date>2020-05-22T23:26:08</date>
  <millis>1590164768600</millis>
  <sequence>234</sequence>
  <level>INFO</level>
  <class>com.kms.katalon.core.logging.XmlKeywordLogger</class>
  <method>logMessage</method>
  <thread>1</thread>
  <message>Test data is internal data, reading internal data</message>
  <nestedLevel>0</nestedLevel>
</record>
<record>
  <date>2020-05-22T23:26:12</date>
  <millis>1590164772327</millis>
  <sequence>235</sequence>
  <level>INFO</level>
  <class>com.kms.katalon.core.logging.XmlKeywordLogger</class>
  <method>logMessage</method>
  <thread>1</thread>
  <message>Finding test data with id &amp;apos;Data Files/login/internal-data&amp;apos;</message>
  <nestedLevel>0</nestedLevel>
</record>
<record>
  <date>2020-05-22T23:26:12</date>
  <millis>1590164772331</millis>
  <sequence>236</sequence>
  <level>INFO</level>
  <class>com.kms.katalon.core.logging.XmlKeywordLogger</class>
  <method>logMessage</method>
  <thread>1</thread>
  <message>Test data is internal data, reading internal data</message>
  <nestedLevel>0</nestedLevel>
</record>
<record>
  <date>2020-05-22T23:26:18</date>
  <millis>1590164778636</millis>
  <sequence>237</sequence>
  <level>INFO</level>
  <class>com.kms.katalon.core.logging.XmlKeywordLogger</class>
  <method>logMessage</method>
  <thread>515</thread>
  <message>Finding test data with id &amp;apos;Data Files/login/internal-data&amp;apos;</message>
  <nestedLevel>0</nestedLevel>
</record>
<record>
  <date>2020-05-22T23:26:18</date>
  <millis>1590164778645</millis>
  <sequence>238</sequence>
  <level>INFO</level>
  <class>com.kms.katalon.core.logging.XmlKeywordLogger</class>
  <method>logMessage</method>
  <thread>515</thread>
  <message>Test data is internal data, reading internal data</message>
  <nestedLevel>0</nestedLevel>
</record>
<record>
  <date>2020-05-22T23:28:29</date>
  <millis>1590164909206</millis>
  <sequence>419</sequence>
  <level>INFO</level>
  <class>com.kms.katalon.core.logging.XmlKeywordLogger</class>
  <method>logMessage</method>
  <thread>667</thread>
  <message>Finding test data with id &amp;apos;Data Files/login/internal-data&amp;apos;</message>
  <nestedLevel>0</nestedLevel>
</record>
<record>
  <date>2020-05-22T23:28:29</date>
  <millis>1590164909206</millis>
  <sequence>420</sequence>
  <level>INFO</level>
  <class>com.kms.katalon.core.logging.XmlKeywordLogger</class>
  <method>logMessage</method>
  <thread>667</thread>
  <message>Test data is internal data, reading internal data</message>
  <nestedLevel>0</nestedLevel>
</record>
</log>
