<?xml version="1.0" encoding="UTF-8" standalone="no"?>
<!DOCTYPE log SYSTEM "logger.dtd">
<log>
<record>
  <date>2020-05-24T19:11:46</date>
  <millis>1590322306729</millis>
  <sequence>0</sequence>
  <level>START</level>
  <class>com.kms.katalon.core.logging.XmlKeywordLogger</class>
  <method>startSuite</method>
  <thread>1</thread>
  <message>Start Test Suite : Test Suites/data-driven/TS_02_UpdateProfile</message>
  <nestedLevel>0</nestedLevel>
  <property name="name">TS_02_UpdateProfile</property>
  <property name="description"></property>
  <property name="id">Test Suites/data-driven/TS_02_UpdateProfile</property>
</record>
<record>
  <date>2020-05-24T19:11:46</date>
  <millis>1590322306774</millis>
  <sequence>1</sequence>
  <level>RUN_DATA</level>
  <class>com.kms.katalon.core.logging.XmlKeywordLogger</class>
  <method>logMessage</method>
  <thread>1</thread>
  <message>hostName = XuanNghiem - DESKTOP-OT9E64N</message>
  <nestedLevel>0</nestedLevel>
  <property name="hostName">XuanNghiem - DESKTOP-OT9E64N</property>
</record>
<record>
  <date>2020-05-24T19:11:46</date>
  <millis>1590322306775</millis>
  <sequence>2</sequence>
  <level>RUN_DATA</level>
  <class>com.kms.katalon.core.logging.XmlKeywordLogger</class>
  <method>logMessage</method>
  <thread>1</thread>
  <message>os = Windows 10 64bit</message>
  <nestedLevel>0</nestedLevel>
  <property name="os">Windows 10 64bit</property>
</record>
<record>
  <date>2020-05-24T19:11:46</date>
  <millis>1590322306776</millis>
  <sequence>3</sequence>
  <level>RUN_DATA</level>
  <class>com.kms.katalon.core.logging.XmlKeywordLogger</class>
  <method>logMessage</method>
  <thread>1</thread>
  <message>hostAddress = 192.168.100.14</message>
  <nestedLevel>0</nestedLevel>
  <property name="hostAddress">192.168.100.14</property>
</record>
<record>
  <date>2020-05-24T19:11:46</date>
  <millis>1590322306778</millis>
  <sequence>4</sequence>
  <level>RUN_DATA</level>
  <class>com.kms.katalon.core.logging.XmlKeywordLogger</class>
  <method>logMessage</method>
  <thread>1</thread>
  <message>katalonVersion = 7.4.0.1</message>
  <nestedLevel>0</nestedLevel>
  <property name="katalonVersion">7.4.0.1</property>
</record>
<record>
  <date>2020-05-24T19:11:47</date>
  <millis>1590322307657</millis>
  <sequence>5</sequence>
  <level>START</level>
  <class>com.kms.katalon.core.logging.XmlKeywordLogger</class>
  <method>startTest</method>
  <thread>1</thread>
  <message>Start Test Case : Test Cases/Requirement_02/data-driven/TC_02_UpdateProfile</message>
  <nestedLevel>1</nestedLevel>
  <property name="name">Test Cases/Requirement_02/data-driven/TC_02_UpdateProfile</property>
  <property name="description"></property>
  <property name="id">Test Cases/Requirement_02/data-driven/TC_02_UpdateProfile</property>
  <property name="source">C:\\Users\\XuanNghiem\\git\\mattermost-katalon-testing\\Test Cases\\Requirement_02\\data-driven\\TC_02_UpdateProfile.tc</property>
  <property name="tag"></property>
  <property name="isOptional">false</property>
</record>
<record>
  <date>2020-05-24T19:11:47</date>
  <millis>1590322307712</millis>
  <sequence>7</sequence>
  <level>INFO</level>
  <class>com.kms.katalon.core.logging.XmlKeywordLogger</class>
  <method>logMessage</method>
  <thread>1</thread>
  <message>firstname = Nguy\u1EC5n</message>
  <nestedLevel>1</nestedLevel>
</record>
<record>
  <date>2020-05-24T19:11:47</date>
  <millis>1590322307713</millis>
  <sequence>8</sequence>
  <level>INFO</level>
  <class>com.kms.katalon.core.logging.XmlKeywordLogger</class>
  <method>logMessage</method>
  <thread>1</thread>
  <message>lastname = V\u0103n Th\u00ECn</message>
  <nestedLevel>1</nestedLevel>
</record>
<record>
  <date>2020-05-24T19:11:47</date>
  <millis>1590322307714</millis>
  <sequence>9</sequence>
  <level>INFO</level>
  <class>com.kms.katalon.core.logging.XmlKeywordLogger</class>
  <method>logMessage</method>
  <thread>1</thread>
  <message>nickname = thinvannguyen</message>
  <nestedLevel>1</nestedLevel>
</record>
<record>
  <date>2020-05-24T19:11:48</date>
  <millis>1590322308495</millis>
  <sequence>10</sequence>
  <level>START</level>
  <class>com.kms.katalon.core.logging.XmlKeywordLogger</class>
  <method>startKeyword</method>
  <thread>1</thread>
  <message>Start action : return null</message>
  <nestedLevel>1</nestedLevel>
  <property name="startLine">-1</property>
  <property name="stepIndex">1</property>
</record>
<record>
  <date>2020-05-24T19:11:48</date>
  <millis>1590322308498</millis>
  <sequence>11</sequence>
  <level>END</level>
  <class>com.kms.katalon.core.logging.XmlKeywordLogger</class>
  <method>endKeyword</method>
  <thread>1</thread>
  <message>End action : return null</message>
  <nestedLevel>1</nestedLevel>
</record>
<record>
  <date>2020-05-24T19:11:48</date>
  <millis>1590322308498</millis>
  <sequence>12</sequence>
  <level>PASSED</level>
  <class>com.kms.katalon.core.logging.XmlKeywordLogger</class>
  <method>logMessage</method>
  <thread>1</thread>
  <message>Test Cases/Requirement_02/data-driven/TC_02_UpdateProfile</message>
  <nestedLevel>1</nestedLevel>
</record>
<record>
  <date>2020-05-24T19:11:48</date>
  <millis>1590322308498</millis>
  <sequence>13</sequence>
  <level>END</level>
  <class>com.kms.katalon.core.logging.XmlKeywordLogger</class>
  <method>endTest</method>
  <thread>1</thread>
  <message>End Test Case : Test Cases/Requirement_02/data-driven/TC_02_UpdateProfile</message>
  <nestedLevel>0</nestedLevel>
</record>
<record>
  <date>2020-05-24T19:11:48</date>
  <millis>1590322308603</millis>
  <sequence>14</sequence>
  <level>START</level>
  <class>com.kms.katalon.core.logging.XmlKeywordLogger</class>
  <method>startTest</method>
  <thread>1</thread>
  <message>Start Test Case : Test Cases/Requirement_02/data-driven/TC_02_UpdateProfile</message>
  <nestedLevel>1</nestedLevel>
  <property name="name">Test Cases/Requirement_02/data-driven/TC_02_UpdateProfile</property>
  <property name="description"></property>
  <property name="id">Test Cases/Requirement_02/data-driven/TC_02_UpdateProfile</property>
  <property name="source">C:\\Users\\XuanNghiem\\git\\mattermost-katalon-testing\\Test Cases\\Requirement_02\\data-driven\\TC_02_UpdateProfile.tc</property>
  <property name="tag"></property>
  <property name="isOptional">false</property>
</record>
<record>
  <date>2020-05-24T19:11:48</date>
  <millis>1590322308626</millis>
  <sequence>16</sequence>
  <level>INFO</level>
  <class>com.kms.katalon.core.logging.XmlKeywordLogger</class>
  <method>logMessage</method>
  <thread>1</thread>
  <message>firstname = Ng\u00F4</message>
  <nestedLevel>1</nestedLevel>
</record>
<record>
  <date>2020-05-24T19:11:48</date>
  <millis>1590322308626</millis>
  <sequence>17</sequence>
  <level>INFO</level>
  <class>com.kms.katalon.core.logging.XmlKeywordLogger</class>
  <method>logMessage</method>
  <thread>1</thread>
  <message>lastname = Ho\u00E0ng Thi\u00EAn</message>
  <nestedLevel>1</nestedLevel>
</record>
<record>
  <date>2020-05-24T19:11:48</date>
  <millis>1590322308626</millis>
  <sequence>18</sequence>
  <level>INFO</level>
  <class>com.kms.katalon.core.logging.XmlKeywordLogger</class>
  <method>logMessage</method>
  <thread>1</thread>
  <message>nickname = hoangthiennguyen</message>
  <nestedLevel>1</nestedLevel>
</record>
<record>
  <date>2020-05-24T19:11:48</date>
  <millis>1590322308641</millis>
  <sequence>19</sequence>
  <level>START</level>
  <class>com.kms.katalon.core.logging.XmlKeywordLogger</class>
  <method>startKeyword</method>
  <thread>1</thread>
  <message>Start action : return null</message>
  <nestedLevel>1</nestedLevel>
  <property name="startLine">-1</property>
  <property name="stepIndex">1</property>
</record>
<record>
  <date>2020-05-24T19:11:48</date>
  <millis>1590322308641</millis>
  <sequence>20</sequence>
  <level>END</level>
  <class>com.kms.katalon.core.logging.XmlKeywordLogger</class>
  <method>endKeyword</method>
  <thread>1</thread>
  <message>End action : return null</message>
  <nestedLevel>1</nestedLevel>
</record>
<record>
  <date>2020-05-24T19:11:48</date>
  <millis>1590322308641</millis>
  <sequence>21</sequence>
  <level>PASSED</level>
  <class>com.kms.katalon.core.logging.XmlKeywordLogger</class>
  <method>logMessage</method>
  <thread>1</thread>
  <message>Test Cases/Requirement_02/data-driven/TC_02_UpdateProfile</message>
  <nestedLevel>1</nestedLevel>
</record>
<record>
  <date>2020-05-24T19:11:48</date>
  <millis>1590322308641</millis>
  <sequence>22</sequence>
  <level>END</level>
  <class>com.kms.katalon.core.logging.XmlKeywordLogger</class>
  <method>endTest</method>
  <thread>1</thread>
  <message>End Test Case : Test Cases/Requirement_02/data-driven/TC_02_UpdateProfile</message>
  <nestedLevel>0</nestedLevel>
</record>
<record>
  <date>2020-05-24T19:11:48</date>
  <millis>1590322308811</millis>
  <sequence>23</sequence>
  <level>START</level>
  <class>com.kms.katalon.core.logging.XmlKeywordLogger</class>
  <method>startTest</method>
  <thread>1</thread>
  <message>Start Test Case : Test Cases/Requirement_02/data-driven/TC_02_UpdateProfile</message>
  <nestedLevel>1</nestedLevel>
  <property name="name">Test Cases/Requirement_02/data-driven/TC_02_UpdateProfile</property>
  <property name="description"></property>
  <property name="id">Test Cases/Requirement_02/data-driven/TC_02_UpdateProfile</property>
  <property name="source">C:\\Users\\XuanNghiem\\git\\mattermost-katalon-testing\\Test Cases\\Requirement_02\\data-driven\\TC_02_UpdateProfile.tc</property>
  <property name="tag"></property>
  <property name="isOptional">false</property>
</record>
<record>
  <date>2020-05-24T19:11:48</date>
  <millis>1590322308828</millis>
  <sequence>25</sequence>
  <level>INFO</level>
  <class>com.kms.katalon.core.logging.XmlKeywordLogger</class>
  <method>logMessage</method>
  <thread>1</thread>
  <message>firstname = Ho\u00E0ng</message>
  <nestedLevel>1</nestedLevel>
</record>
<record>
  <date>2020-05-24T19:11:48</date>
  <millis>1590322308828</millis>
  <sequence>26</sequence>
  <level>INFO</level>
  <class>com.kms.katalon.core.logging.XmlKeywordLogger</class>
  <method>logMessage</method>
  <thread>1</thread>
  <message>lastname = Huy L\u1ECBch</message>
  <nestedLevel>1</nestedLevel>
</record>
<record>
  <date>2020-05-24T19:11:48</date>
  <millis>1590322308828</millis>
  <sequence>27</sequence>
  <level>INFO</level>
  <class>com.kms.katalon.core.logging.XmlKeywordLogger</class>
  <method>logMessage</method>
  <thread>1</thread>
  <message>nickname = huylichnguyen</message>
  <nestedLevel>1</nestedLevel>
</record>
<record>
  <date>2020-05-24T19:11:48</date>
  <millis>1590322308828</millis>
  <sequence>28</sequence>
  <level>START</level>
  <class>com.kms.katalon.core.logging.XmlKeywordLogger</class>
  <method>startKeyword</method>
  <thread>1</thread>
  <message>Start action : return null</message>
  <nestedLevel>1</nestedLevel>
  <property name="startLine">-1</property>
  <property name="stepIndex">1</property>
</record>
<record>
  <date>2020-05-24T19:11:48</date>
  <millis>1590322308828</millis>
  <sequence>29</sequence>
  <level>END</level>
  <class>com.kms.katalon.core.logging.XmlKeywordLogger</class>
  <method>endKeyword</method>
  <thread>1</thread>
  <message>End action : return null</message>
  <nestedLevel>1</nestedLevel>
</record>
<record>
  <date>2020-05-24T19:11:48</date>
  <millis>1590322308828</millis>
  <sequence>30</sequence>
  <level>PASSED</level>
  <class>com.kms.katalon.core.logging.XmlKeywordLogger</class>
  <method>logMessage</method>
  <thread>1</thread>
  <message>Test Cases/Requirement_02/data-driven/TC_02_UpdateProfile</message>
  <nestedLevel>1</nestedLevel>
</record>
<record>
  <date>2020-05-24T19:11:48</date>
  <millis>1590322308828</millis>
  <sequence>31</sequence>
  <level>END</level>
  <class>com.kms.katalon.core.logging.XmlKeywordLogger</class>
  <method>endTest</method>
  <thread>1</thread>
  <message>End Test Case : Test Cases/Requirement_02/data-driven/TC_02_UpdateProfile</message>
  <nestedLevel>0</nestedLevel>
</record>
<record>
  <date>2020-05-24T19:11:49</date>
  <millis>1590322309294</millis>
  <sequence>32</sequence>
  <level>START</level>
  <class>com.kms.katalon.core.logging.XmlKeywordLogger</class>
  <method>startTest</method>
  <thread>1</thread>
  <message>Start Test Case : Test Cases/Requirement_02/data-driven/TC_02_UpdateProfile</message>
  <nestedLevel>1</nestedLevel>
  <property name="name">Test Cases/Requirement_02/data-driven/TC_02_UpdateProfile</property>
  <property name="description"></property>
  <property name="id">Test Cases/Requirement_02/data-driven/TC_02_UpdateProfile</property>
  <property name="source">C:\\Users\\XuanNghiem\\git\\mattermost-katalon-testing\\Test Cases\\Requirement_02\\data-driven\\TC_02_UpdateProfile.tc</property>
  <property name="tag"></property>
  <property name="isOptional">false</property>
</record>
<record>
  <date>2020-05-24T19:11:49</date>
  <millis>1590322309363</millis>
  <sequence>34</sequence>
  <level>INFO</level>
  <class>com.kms.katalon.core.logging.XmlKeywordLogger</class>
  <method>logMessage</method>
  <thread>1</thread>
  <message>firstname = L\u00EA</message>
  <nestedLevel>1</nestedLevel>
</record>
<record>
  <date>2020-05-24T19:11:49</date>
  <millis>1590322309364</millis>
  <sequence>35</sequence>
  <level>INFO</level>
  <class>com.kms.katalon.core.logging.XmlKeywordLogger</class>
  <method>logMessage</method>
  <thread>1</thread>
  <message>lastname = \u0110\u1EE9c Truy\u1EC1n</message>
  <nestedLevel>1</nestedLevel>
</record>
<record>
  <date>2020-05-24T19:11:49</date>
  <millis>1590322309366</millis>
  <sequence>36</sequence>
  <level>INFO</level>
  <class>com.kms.katalon.core.logging.XmlKeywordLogger</class>
  <method>logMessage</method>
  <thread>1</thread>
  <message>nickname = ductruyenle</message>
  <nestedLevel>1</nestedLevel>
</record>
<record>
  <date>2020-05-24T19:11:49</date>
  <millis>1590322309370</millis>
  <sequence>37</sequence>
  <level>START</level>
  <class>com.kms.katalon.core.logging.XmlKeywordLogger</class>
  <method>startKeyword</method>
  <thread>1</thread>
  <message>Start action : return null</message>
  <nestedLevel>1</nestedLevel>
  <property name="startLine">-1</property>
  <property name="stepIndex">1</property>
</record>
<record>
  <date>2020-05-24T19:11:49</date>
  <millis>1590322309374</millis>
  <sequence>38</sequence>
  <level>END</level>
  <class>com.kms.katalon.core.logging.XmlKeywordLogger</class>
  <method>endKeyword</method>
  <thread>1</thread>
  <message>End action : return null</message>
  <nestedLevel>1</nestedLevel>
</record>
<record>
  <date>2020-05-24T19:11:49</date>
  <millis>1590322309374</millis>
  <sequence>39</sequence>
  <level>PASSED</level>
  <class>com.kms.katalon.core.logging.XmlKeywordLogger</class>
  <method>logMessage</method>
  <thread>1</thread>
  <message>Test Cases/Requirement_02/data-driven/TC_02_UpdateProfile</message>
  <nestedLevel>1</nestedLevel>
</record>
<record>
  <date>2020-05-24T19:11:49</date>
  <millis>1590322309377</millis>
  <sequence>40</sequence>
  <level>END</level>
  <class>com.kms.katalon.core.logging.XmlKeywordLogger</class>
  <method>endTest</method>
  <thread>1</thread>
  <message>End Test Case : Test Cases/Requirement_02/data-driven/TC_02_UpdateProfile</message>
  <nestedLevel>0</nestedLevel>
</record>
<record>
  <date>2020-05-24T19:11:49</date>
  <millis>1590322309575</millis>
  <sequence>41</sequence>
  <level>START</level>
  <class>com.kms.katalon.core.logging.XmlKeywordLogger</class>
  <method>startTest</method>
  <thread>1</thread>
  <message>Start Test Case : Test Cases/Requirement_02/data-driven/TC_02_UpdateProfile</message>
  <nestedLevel>1</nestedLevel>
  <property name="name">Test Cases/Requirement_02/data-driven/TC_02_UpdateProfile</property>
  <property name="description"></property>
  <property name="id">Test Cases/Requirement_02/data-driven/TC_02_UpdateProfile</property>
  <property name="source">C:\\Users\\XuanNghiem\\git\\mattermost-katalon-testing\\Test Cases\\Requirement_02\\data-driven\\TC_02_UpdateProfile.tc</property>
  <property name="tag"></property>
  <property name="isOptional">false</property>
</record>
<record>
  <date>2020-05-24T19:11:49</date>
  <millis>1590322309599</millis>
  <sequence>43</sequence>
  <level>INFO</level>
  <class>com.kms.katalon.core.logging.XmlKeywordLogger</class>
  <method>logMessage</method>
  <thread>1</thread>
  <message>firstname = Tr\u01B0\u01A1ng</message>
  <nestedLevel>1</nestedLevel>
</record>
<record>
  <date>2020-05-24T19:11:49</date>
  <millis>1590322309600</millis>
  <sequence>44</sequence>
  <level>INFO</level>
  <class>com.kms.katalon.core.logging.XmlKeywordLogger</class>
  <method>logMessage</method>
  <thread>1</thread>
  <message>lastname = Quang L\u1ED9c</message>
  <nestedLevel>1</nestedLevel>
</record>
<record>
  <date>2020-05-24T19:11:49</date>
  <millis>1590322309600</millis>
  <sequence>45</sequence>
  <level>INFO</level>
  <class>com.kms.katalon.core.logging.XmlKeywordLogger</class>
  <method>logMessage</method>
  <thread>1</thread>
  <message>nickname = quangloctruong</message>
  <nestedLevel>1</nestedLevel>
</record>
<record>
  <date>2020-05-24T19:11:49</date>
  <millis>1590322309609</millis>
  <sequence>46</sequence>
  <level>START</level>
  <class>com.kms.katalon.core.logging.XmlKeywordLogger</class>
  <method>startKeyword</method>
  <thread>1</thread>
  <message>Start action : return null</message>
  <nestedLevel>1</nestedLevel>
  <property name="startLine">-1</property>
  <property name="stepIndex">1</property>
</record>
<record>
  <date>2020-05-24T19:11:49</date>
  <millis>1590322309652</millis>
  <sequence>47</sequence>
  <level>END</level>
  <class>com.kms.katalon.core.logging.XmlKeywordLogger</class>
  <method>endKeyword</method>
  <thread>1</thread>
  <message>End action : return null</message>
  <nestedLevel>1</nestedLevel>
</record>
<record>
  <date>2020-05-24T19:11:49</date>
  <millis>1590322309653</millis>
  <sequence>48</sequence>
  <level>PASSED</level>
  <class>com.kms.katalon.core.logging.XmlKeywordLogger</class>
  <method>logMessage</method>
  <thread>1</thread>
  <message>Test Cases/Requirement_02/data-driven/TC_02_UpdateProfile</message>
  <nestedLevel>1</nestedLevel>
</record>
<record>
  <date>2020-05-24T19:11:49</date>
  <millis>1590322309654</millis>
  <sequence>49</sequence>
  <level>END</level>
  <class>com.kms.katalon.core.logging.XmlKeywordLogger</class>
  <method>endTest</method>
  <thread>1</thread>
  <message>End Test Case : Test Cases/Requirement_02/data-driven/TC_02_UpdateProfile</message>
  <nestedLevel>0</nestedLevel>
</record>
<record>
  <date>2020-05-24T19:11:49</date>
  <millis>1590322309894</millis>
  <sequence>50</sequence>
  <level>END</level>
  <class>com.kms.katalon.core.logging.XmlKeywordLogger</class>
  <method>endSuite</method>
  <thread>1</thread>
  <message>End Test Suite : Test Suites/data-driven/TS_02_UpdateProfile</message>
  <nestedLevel>0</nestedLevel>
</record>
</log>
