<?xml version="1.0" encoding="UTF-8" standalone="no"?>
<!DOCTYPE log SYSTEM "logger.dtd">
<log>
<record>
  <date>2020-05-23T16:40:11</date>
  <millis>1590226811008</millis>
  <sequence>0</sequence>
  <level>START</level>
  <class>com.kms.katalon.core.logging.XmlKeywordLogger</class>
  <method>startSuite</method>
  <thread>1</thread>
  <message>Start Test Suite : Test Suites/login/internal-data</message>
  <nestedLevel>0</nestedLevel>
  <property name="name">internal-data</property>
  <property name="description"></property>
  <property name="id">Test Suites/login/internal-data</property>
</record>
<record>
  <date>2020-05-23T16:40:11</date>
  <millis>1590226811064</millis>
  <sequence>1</sequence>
  <level>RUN_DATA</level>
  <class>com.kms.katalon.core.logging.XmlKeywordLogger</class>
  <method>logMessage</method>
  <thread>1</thread>
  <message>hostName = XuanNghiem - DESKTOP-OT9E64N</message>
  <nestedLevel>0</nestedLevel>
  <property name="hostName">XuanNghiem - DESKTOP-OT9E64N</property>
</record>
<record>
  <date>2020-05-23T16:40:11</date>
  <millis>1590226811067</millis>
  <sequence>2</sequence>
  <level>RUN_DATA</level>
  <class>com.kms.katalon.core.logging.XmlKeywordLogger</class>
  <method>logMessage</method>
  <thread>1</thread>
  <message>os = Windows 10 64bit</message>
  <nestedLevel>0</nestedLevel>
  <property name="os">Windows 10 64bit</property>
</record>
<record>
  <date>2020-05-23T16:40:11</date>
  <millis>1590226811069</millis>
  <sequence>3</sequence>
  <level>RUN_DATA</level>
  <class>com.kms.katalon.core.logging.XmlKeywordLogger</class>
  <method>logMessage</method>
  <thread>1</thread>
  <message>hostAddress = 192.168.100.14</message>
  <nestedLevel>0</nestedLevel>
  <property name="hostAddress">192.168.100.14</property>
</record>
<record>
  <date>2020-05-23T16:40:11</date>
  <millis>1590226811079</millis>
  <sequence>4</sequence>
  <level>RUN_DATA</level>
  <class>com.kms.katalon.core.logging.XmlKeywordLogger</class>
  <method>logMessage</method>
  <thread>1</thread>
  <message>katalonVersion = 7.4.0.1</message>
  <nestedLevel>0</nestedLevel>
  <property name="katalonVersion">7.4.0.1</property>
</record>
<record>
  <date>2020-05-23T16:40:12</date>
  <millis>1590226812084</millis>
  <sequence>5</sequence>
  <level>START</level>
  <class>com.kms.katalon.core.logging.XmlKeywordLogger</class>
  <method>startTest</method>
  <thread>1</thread>
  <message>Start Test Case : Test Cases/login/test 1</message>
  <nestedLevel>1</nestedLevel>
  <property name="name">Test Cases/login/test 1</property>
  <property name="description"></property>
  <property name="id">Test Cases/login/test 1</property>
  <property name="source">C:\\Users\\XuanNghiem\\git\\mattermost-katalon-testing\\Test Cases\\login\\test 1.tc</property>
  <property name="tag"></property>
  <property name="isOptional">false</property>
</record>
<record>
  <date>2020-05-23T16:40:12</date>
  <millis>1590226812145</millis>
  <sequence>7</sequence>
  <level>INFO</level>
  <class>com.kms.katalon.core.logging.XmlKeywordLogger</class>
  <method>logMessage</method>
  <thread>1</thread>
  <message>username = xuanghjem</message>
  <nestedLevel>1</nestedLevel>
</record>
<record>
  <date>2020-05-23T16:40:12</date>
  <millis>1590226812146</millis>
  <sequence>8</sequence>
  <level>INFO</level>
  <class>com.kms.katalon.core.logging.XmlKeywordLogger</class>
  <method>logMessage</method>
  <thread>1</thread>
  <message>password = vR0tJW96iAE=</message>
  <nestedLevel>1</nestedLevel>
</record>
<record>
  <date>2020-05-23T16:40:13</date>
  <millis>1590226813346</millis>
  <sequence>9</sequence>
  <level>START</level>
  <class>com.kms.katalon.core.logging.XmlKeywordLogger</class>
  <method>startKeyword</method>
  <thread>1</thread>
  <message>Start action : openBrowser(\&amp;quot;\&amp;quot;)</message>
  <nestedLevel>1</nestedLevel>
  <property name="startLine">19</property>
  <property name="stepIndex">1</property>
</record>
